Opening in existing browser session.
Opening in existing browser session.
Opening in existing browser session.
Opening in existing browser session.
Opening in existing browser session.
[4156:4156:0902/115051.054693:ERROR:object_proxy.cc(576)] Failed to call method: org.freedesktop.ScreenSaver.GetActive: object_path= /org/freedesktop/ScreenSaver: org.freedesktop.DBus.Error.NotSupported: This method is not implemented
Created TensorFlow Lite XNNPACK delegate for CPU.
Attempting to use a delegate that only supports static-sized tensors with a graph that has dynamic-sized tensors (tensor#58 is a dynamic-sized tensor).
Opening in existing browser session.
Opening in existing browser session.
Opening in existing browser session.
Opening in existing browser session.
Opening in existing browser session.
Sent:      {"system":{"set_relay_state":{"state":0}}}
Received:  {"system":{"set_relay_state":{"err_code":0}}}
Sent:      {"system":{"set_relay_state":{"state":0}}}
Received:  {"system":{"set_relay_state":{"err_code":0}}}
Sent:      {"system":{"set_relay_state":{"state":1}}}
Received:  {"system":{"set_relay_state":{"err_code":0}}}
Sent:      {"system":{"set_relay_state":{"state":1}}}
Received:  {"system":{"set_relay_state":{"err_code":0}}}
Sent:      {"system":{"set_relay_state":{"state":0}}}
Received:  {"system":{"set_relay_state":{"err_code":0}}}
Sent:      {"system":{"set_relay_state":{"state":0}}}
Received:  {"system":{"set_relay_state":{"err_code":0}}}
Sent:      {"system":{"set_relay_state":{"state":1}}}
Received:  {"system":{"set_relay_state":{"err_code":0}}}
Sent:      {"system":{"set_relay_state":{"state":1}}}
Received:  {"system":{"set_relay_state":{"err_code":0}}}
Sent:      {"system":{"set_relay_state":{"state":0}}}
Received:  {"system":{"set_relay_state":{"err_code":0}}}
Sent:      {"system":{"set_relay_state":{"state":0}}}
Received:  {"system":{"set_relay_state":{"err_code":0}}}
Sent:      {"system":{"set_relay_state":{"state":1}}}
Received:  {"system":{"set_relay_state":{"err_code":0}}}
Sent:      {"system":{"set_relay_state":{"state":1}}}
Received:  {"system":{"set_relay_state":{"err_code":0}}}
Sent:      {"system":{"set_relay_state":{"state":0}}}
Received:  {"system":{"set_relay_state":{"err_code":0}}}
Sent:      {"system":{"set_relay_state":{"state":0}}}
Received:  {"system":{"set_relay_state":{"err_code":0}}}
Sent:      {"system":{"set_relay_state":{"state":1}}}
Received:  {"system":{"set_relay_state":{"err_code":0}}}
Sent:      {"system":{"set_relay_state":{"state":1}}}
Received:  {"system":{"set_relay_state":{"err_code":0}}}
Sent:      {"system":{"set_relay_state":{"state":0}}}
Received:  {"system":{"set_relay_state":{"err_code":0}}}
Sent:      {"system":{"set_relay_state":{"state":0}}}
Received:  {"system":{"set_relay_state":{"err_code":0}}}
Sent:      {"system":{"set_relay_state":{"state":1}}}
Received:  {"system":{"set_relay_state":{"err_code":0}}}
Sent:      {"system":{"set_relay_state":{"state":1}}}
Received:  {"system":{"set_relay_state":{"err_code":0}}}
Sent:      {"system":{"set_relay_state":{"state":0}}}
Received:  {"system":{"set_relay_state":{"err_code":0}}}
Sent:      {"system":{"set_relay_state":{"state":0}}}
Received:  {"system":{"set_relay_state":{"err_code":0}}}
Sent:      {"system":{"set_relay_state":{"state":1}}}
Received:  {"system":{"set_relay_state":{"err_code":0}}}
Sent:      {"system":{"set_relay_state":{"state":1}}}
Received:  {"system":{"set_relay_state":{"err_code":0}}}
Sent:      {"system":{"set_relay_state":{"state":0}}}
Received:  {"system":{"set_relay_state":{"err_code":0}}}
Sent:      {"system":{"set_relay_state":{"state":0}}}
Received:  {"system":{"set_relay_state":{"err_code":0}}}
Sent:      {"system":{"set_relay_state":{"state":1}}}
Received:  {"system":{"set_relay_state":{"err_code":0}}}
Sent:      {"system":{"set_relay_state":{"state":1}}}
Received:  {"system":{"set_relay_state":{"err_code":0}}}
[12239:12239:1022/202914.390454:ERROR:object_proxy.cc(576)] Failed to call method: org.freedesktop.ScreenSaver.GetActive: object_path= /org/freedesktop/ScreenSaver: org.freedesktop.DBus.Error.NotSupported: This method is not implemented
Created TensorFlow Lite XNNPACK delegate for CPU.
Attempting to use a delegate that only supports static-sized tensors with a graph that has dynamic-sized tensors (tensor#141 is a dynamic-sized tensor).
[12239:12267:1022/202917.039182:ERROR:registration_request.cc(291)] Registration response error message: DEPRECATED_ENDPOINT
